<?xml version="1.0" encoding="UTF-8"?>
<!-- Generated by org.testng.reporters.JUnitReportReporter -->
<testsuite skipped="0" hostname="BLR2DEVLP0458" name="test.FusionBankingLoginTest" tests="3" failures="0" timestamp="2020-06-21T13:23:24 IST" time="13.799" errors="0">
  <testcase name="loginTest" time="5.141" classname="test.FusionBankingLoginTest"/>
  <system-out/>
  <testcase name="loginTest" time="4.600" classname="test.FusionBankingLoginTest"/>
  <system-out/>
  <testcase name="loginTest" time="4.058" classname="test.FusionBankingLoginTest"/>
  <system-out/>
</testsuite> <!-- test.FusionBankingLoginTest -->
