<?xml version="1.0" encoding="UTF-8"?>
<!-- Generated by org.testng.reporters.JUnitReportReporter -->
<testsuite skipped="0" hostname="BLR2DEVLP0458" name="test.FusionBankingLoginTest" tests="1" failures="0" timestamp="2020-06-21T11:36:33 IST" time="3.202" errors="0">
  <testcase name="loginTest" time="3.202" classname="test.FusionBankingLoginTest"/>
  <system-out/>
</testsuite> <!-- test.FusionBankingLoginTest -->
