<?xml version="1.0" encoding="UTF-8"?>
<!-- Generated by org.testng.reporters.JUnitReportReporter -->
<testsuite skipped="0" hostname="BLR2DEVLP0458" name="utils.ExcelUtilsTest" tests="1" failures="0" timestamp="2020-06-21T13:23:24 IST" time="0.766" errors="0">
  <testcase name="run" time="0.766" classname="utils.ExcelUtilsTest"/>
  <system-out/>
</testsuite> <!-- utils.ExcelUtilsTest -->
